[2026-07-14 15:13:33] [[32minfo[39m] ====================================
[2026-07-14 15:13:33] [[32minfo[39m] STARTING WHATSAPP
[2026-07-14 15:13:33] [[32minfo[39m] ====================================
[32minfo[39m:     [AICA_GATEWAY:browser] Using browser folder 'E:\laragon\whatsap-api-new-2026\session\AICA_GATEWAY'
[32minfo[39m:     [AICA_GATEWAY:browser] Initializing browser...
[31merror[39m:    [AICA_GATEWAY:browser] Error no open browser
[31merror[39m:    [AICA_GATEWAY:browser] The browser is already running for E:\laragon\whatsap-api-new-2026\session\AICA_GATEWAY. Use a different `userDataDir` or stop the running browser first.
[2026-07-14 15:13:33] [[31merror[39m] undefined
[2026-07-14 15:13:33] [[31merror[39m] undefined
[2026-07-14 15:13:39] [[32minfo[39m] ====================================
[2026-07-14 15:13:39] [[32minfo[39m] STARTING WHATSAPP
[2026-07-14 15:13:39] [[32minfo[39m] ====================================
[32minfo[39m:     [AICA_GATEWAY:browser] Using browser folder 'E:\laragon\whatsap-api-new-2026\session\AICA_GATEWAY'
[32minfo[39m:     [AICA_GATEWAY:browser] Initializing browser...
[31merror[39m:    [AICA_GATEWAY:browser] Error no open browser
[31merror[39m:    [AICA_GATEWAY:browser] The browser is already running for E:\laragon\whatsap-api-new-2026\session\AICA_GATEWAY. Use a different `userDataDir` or stop the running browser first.
[2026-07-14 15:13:39] [[31merror[39m] undefined
[2026-07-14 15:13:39] [[31merror[39m] undefined
[2026-07-14 15:13:45] [[32minfo[39m] ====================================
[2026-07-14 15:13:45] [[32minfo[39m] STARTING WHATSAPP
[2026-07-14 15:13:45] [[32minfo[39m] ====================================
[32minfo[39m:     [AICA_GATEWAY:browser] Using browser folder 'E:\laragon\whatsap-api-new-2026\session\AICA_GATEWAY'
[32minfo[39m:     [AICA_GATEWAY:browser] Initializing browser...
[31merror[39m:    [AICA_GATEWAY:browser] Error no open browser
[31merror[39m:    [AICA_GATEWAY:browser] The browser is already running for E:\laragon\whatsap-api-new-2026\session\AICA_GATEWAY. Use a different `userDataDir` or stop the running browser first.
[2026-07-14 15:13:45] [[31merror[39m] undefined
[2026-07-14 15:13:45] [[31merror[39m] undefined
[2026-07-14 15:13:51] [[32minfo[39m] ====================================
[2026-07-14 15:13:51] [[32minfo[39m] STARTING WHATSAPP
[2026-07-14 15:13:51] [[32minfo[39m] ====================================
[32minfo[39m:     [AICA_GATEWAY:browser] Using browser folder 'E:\laragon\whatsap-api-new-2026\session\AICA_GATEWAY'
[32minfo[39m:     [AICA_GATEWAY:browser] Initializing browser...
[31merror[39m:    [AICA_GATEWAY:browser] Error no open browser
[31merror[39m:    [AICA_GATEWAY:browser] The browser is already running for E:\laragon\whatsap-api-new-2026\session\AICA_GATEWAY. Use a different `userDataDir` or stop the running browser first.
[2026-07-14 15:13:52] [[31merror[39m] undefined
[2026-07-14 15:13:52] [[31merror[39m] undefined
[2026-07-14 15:13:58] [[32minfo[39m] ====================================
[2026-07-14 15:13:58] [[32minfo[39m] STARTING WHATSAPP
[2026-07-14 15:13:58] [[32minfo[39m] ====================================
[32minfo[39m:     [AICA_GATEWAY:browser] Using browser folder 'E:\laragon\whatsap-api-new-2026\session\AICA_GATEWAY'
[32minfo[39m:     [AICA_GATEWAY:browser] Initializing browser...
[31merror[39m:    [AICA_GATEWAY:browser] Error no open browser
[31merror[39m:    [AICA_GATEWAY:browser] The browser is already running for E:\laragon\whatsap-api-new-2026\session\AICA_GATEWAY. Use a different `userDataDir` or stop the running browser first.
[2026-07-14 15:13:58] [[31merror[39m] undefined
[2026-07-14 15:13:58] [[31merror[39m] undefined
[2026-07-14 15:14:04] [[32minfo[39m] ====================================
[2026-07-14 15:14:04] [[32minfo[39m] STARTING WHATSAPP
[2026-07-14 15:14:04] [[32minfo[39m] ====================================
[32minfo[39m:     [AICA_GATEWAY:browser] Using browser folder 'E:\laragon\whatsap-api-new-2026\session\AICA_GATEWAY'
[32minfo[39m:     [AICA_GATEWAY:browser] Initializing browser...
[31merror[39m:    [AICA_GATEWAY:browser] Error no open browser
[31merror[39m:    [AICA_GATEWAY:browser] The browser is already running for E:\laragon\whatsap-api-new-2026\session\AICA_GATEWAY. Use a different `userDataDir` or stop the running browser first.
[2026-07-14 15:14:04] [[31merror[39m] undefined
[2026-07-14 15:14:04] [[31merror[39m] undefined
[2026-07-14 15:14:10] [[32minfo[39m] ====================================
[2026-07-14 15:14:10] [[32minfo[39m] STARTING WHATSAPP
[2026-07-14 15:14:10] [[32minfo[39m] ====================================
[32minfo[39m:     [AICA_GATEWAY:browser] Using browser folder 'E:\laragon\whatsap-api-new-2026\session\AICA_GATEWAY'
[32minfo[39m:     [AICA_GATEWAY:browser] Initializing browser...
[31merror[39m:    [AICA_GATEWAY:browser] Error no open browser
[31merror[39m:    [AICA_GATEWAY:browser] The browser is already running for E:\laragon\whatsap-api-new-2026\session\AICA_GATEWAY. Use a different `userDataDir` or stop the running browser first.
[2026-07-14 15:14:10] [[31merror[39m] undefined
[2026-07-14 15:14:10] [[31merror[39m] undefined
[2026-07-14 15:14:16] [[32minfo[39m] ====================================
[2026-07-14 15:14:16] [[32minfo[39m] STARTING WHATSAPP
[2026-07-14 15:14:16] [[32minfo[39m] ====================================
[32minfo[39m:     [AICA_GATEWAY:browser] Using browser folder 'E:\laragon\whatsap-api-new-2026\session\AICA_GATEWAY'
[32minfo[39m:     [AICA_GATEWAY:browser] Initializing browser...
[32mhttp[39m:     [AICA_GATEWAY:browser] checking headless...
[32mhttp[39m:     [AICA_GATEWAY:browser] headless option is disabled, browser visible
[32minfo[39m:     [AICA_GATEWAY:client] Initializing...
[36mverbose[39m:  [AICA_GATEWAY:client] Setting WhatsApp WEB version to 2.3000.10305x
[31merror[39m:    [AICA_GATEWAY:client] Version not available for 2.3000.10305x, using latest as fallback
[36mverbose[39m:  [AICA_GATEWAY:client] Loading WhatsApp WEB
[36mverbose[39m:  [AICA_GATEWAY:page] Page loaded
[36mverbose[39m:  [AICA_GATEWAY:client] Injecting wapi.js
[36mverbose[39m:  [AICA_GATEWAY:client] WhatsApp WEB loaded
[32mhttp[39m:     [AICA_GATEWAY:client] Waiting page load
[36mverbose[39m:  [AICA_GATEWAY:client] wapi.js injected
[34mdebug[39m:    [AICA_GATEWAY:client] Exposing onMessage function
[34mdebug[39m:    [AICA_GATEWAY:client] Exposing onAnyMessage function
[32minfo[39m:     [AICA_GATEWAY:client] WhatsApp WEB version: 2.3000.1043117381
[32minfo[39m:     [AICA_GATEWAY:client] WA-JS version: 4.3.1
[34mdebug[39m:    [AICA_GATEWAY:client] Exposing onAck function
[34mdebug[39m:    [AICA_GATEWAY:client] Exposing onMessageEdit function
[34mdebug[39m:    [AICA_GATEWAY:client] Exposing onNotificationMessage function
[34mdebug[39m:    [AICA_GATEWAY:client] Exposing onParticipantsChanged function
[34mdebug[39m:    [AICA_GATEWAY:client] Exposing onStateChange function
[34mdebug[39m:    [AICA_GATEWAY:client] Exposing onStreamChange function
[34mdebug[39m:    [AICA_GATEWAY:client] Exposing onStreamModeChanged function
[34mdebug[39m:    [AICA_GATEWAY:client] Exposing onStreamInfoChanged function
[34mdebug[39m:    [AICA_GATEWAY:client] Exposing onIncomingCall function
[34mdebug[39m:    [AICA_GATEWAY:client] Exposing onInterfaceChange function
[34mdebug[39m:    [AICA_GATEWAY:client] Exposing onPresenceChanged function
[34mdebug[39m:    [AICA_GATEWAY:client] Exposing onLiveLocation function
[34mdebug[39m:    [AICA_GATEWAY:client] Exposing onBackendEvent function
[34mdebug[39m:    [AICA_GATEWAY:client] Exposing onAddedToGroup function
[34mdebug[39m:    [AICA_GATEWAY:client] Exposing onRevokedMessage function
[34mdebug[39m:    [AICA_GATEWAY:client] Exposing onReactionMessage function
[34mdebug[39m:    [AICA_GATEWAY:client] Exposing onPollResponse function
[34mdebug[39m:    [AICA_GATEWAY:client] Exposing onUpdateLabel function
[34mdebug[39m:    [AICA_GATEWAY:client] Exposing onOrderStatusUpdate function
[34mdebug[39m:    [AICA_GATEWAY:client] Exposing onNewChat function
[34mdebug[39m:    [AICA_GATEWAY:client] Emitting onInterfaceChange event (1 registered)
[32mhttp[39m:     [AICA_GATEWAY:client] Current state: SYNCING (CONNECTING)
[32mhttp[39m:     [AICA_GATEWAY:client] Checking is logged...
[32mhttp[39m:     [AICA_GATEWAY:client] Authenticated
[2026-07-14 15:14:19] [[32minfo[39m] STATUS : isLogged
[32minfo[39m:     [AICA_GATEWAY:client] Auto close configured to 180s
[32mhttp[39m:     [AICA_GATEWAY:client] Checking phone is connected...
[34mdebug[39m:    [AICA_GATEWAY:client] Emitting onInterfaceChange event (1 registered)
[32mhttp[39m:     [AICA_GATEWAY:client] Current state: SYNCING (CONNECTING)
[34mdebug[39m:    [AICA_GATEWAY:client] Registering onStateChange event
[2026-07-14 15:14:20] [[32minfo[39m] CONNECTED : -
[34mdebug[39m:    [AICA_GATEWAY:client] Registering onStateChange event
[34mdebug[39m:    [AICA_GATEWAY:client] Registering onMessage event
[2026-07-14 15:14:20] [[32minfo[39m] ====================================
[2026-07-14 15:14:20] [[32minfo[39m] AICA WhatsApp Gateway
[2026-07-14 15:14:20] [[32minfo[39m] ====================================
[2026-07-14 15:14:20] [[32minfo[39m] Server : http://0.0.0.0:8088
[2026-07-14 15:14:20] [[32minfo[39m] Gateway Ready
[2026-07-14 15:14:20] [[32minfo[39m] ====================================
[34mdebug[39m:    [AICA_GATEWAY:client] Emitting onInterfaceChange event (1 registered)
[32mhttp[39m:     [AICA_GATEWAY:client] Current state: SYNCING (CONNECTING)
[34mdebug[39m:    [AICA_GATEWAY:client] Emitting onStateChange event (2 registered)
[2026-07-14 15:14:20] [[32minfo[39m] STATE : PAIRING
[34mdebug[39m:    [AICA_GATEWAY:client] Emitting onInterfaceChange event (1 registered)
[32mhttp[39m:     [AICA_GATEWAY:client] Current state: SYNCING (CONNECTING)
[34mdebug[39m:    [AICA_GATEWAY:client] Emitting onStateChange event (2 registered)
[2026-07-14 15:14:20] [[32minfo[39m] STATE : CONNECTED
[34mdebug[39m:    [AICA_GATEWAY:client] Emitting onInterfaceChange event (1 registered)
[32mhttp[39m:     [AICA_GATEWAY:client] Current state: MAIN (NORMAL)
[34mdebug[39m:    [AICA_GATEWAY:client] Emitting onInterfaceChange event (1 registered)
[32mhttp[39m:     [AICA_GATEWAY:client] Current state: MAIN (NORMAL)
[34mdebug[39m:    [AICA_GATEWAY:client] Emitting onInterfaceChange event (1 registered)
[32mhttp[39m:     [AICA_GATEWAY:client] Current state: MAIN (NORMAL)
[32mhttp[39m:     [AICA_GATEWAY:client] Connected
[2026-07-14 15:14:20] [[32minfo[39m] STATUS : inChat
[2026-07-14 15:14:23] [[32minfo[39m] GET /send-message?number=628998951202&message=%2AJangan+balas+pesan+ini%2A%0D%0Aini+adalah+test+mengirim+pesan+otomatis+ke+whatsapp+melalui+Aica+Indria+Internal+System+https%3A%2F%2Feit.lem-fox.com%2Fhome%0D%0A%0D%0A%0D%0A%2ADeveloped+by+%3A+Yulvi+Setiyawan%2A%0D%0A%2APT+AICA+INDRIA%2A&token=AICA123456
==========================
TOKEN REQUEST : AICA123456
TOKEN CONFIG  : AICA123456
==========================
==============================
SEND MESSAGE REQUEST
628998951202
*Jangan balas pesan ini*
ini adalah test mengirim pesan otomatis ke whatsapp melalui Aica Indria Internal System https://eit.lem-fox.com/home


*Developed by : Yulvi Setiyawan*
*PT AICA INDRIA*
==============================
QUEUE ADD
[2026-07-14 15:14:23] [[32minfo[39m] [QUEUE] SEND -> 628998951202
INSIDE SENDTEXT
628998951202
[2026-07-14 15:14:25] [[33mwarn[39m] [QUEUE] Retry 1/5
[36mverbose[39m:  [AICA_GATEWAY:page] Page loaded
[36mverbose[39m:  [AICA_GATEWAY:client] Injecting wapi.js
[36mverbose[39m:  [AICA_GATEWAY:client] wapi.js injected
[32minfo[39m:     [AICA_GATEWAY:client] WhatsApp WEB version: 2.3000.1043117381
[32minfo[39m:     [AICA_GATEWAY:client] WA-JS version: 4.3.1
[34mdebug[39m:    [AICA_GATEWAY:client] Emitting onStateChange event (2 registered)
[2026-07-14 15:14:26] [[32minfo[39m] STATE : OPENING
[34mdebug[39m:    [AICA_GATEWAY:client] Emitting onInterfaceChange event (1 registered)
[32mhttp[39m:     [AICA_GATEWAY:client] Current state: SYNCING (CONNECTING)
[34mdebug[39m:    [AICA_GATEWAY:client] Emitting onInterfaceChange event (1 registered)
[32mhttp[39m:     [AICA_GATEWAY:client] Current state: SYNCING (CONNECTING)
[34mdebug[39m:    [AICA_GATEWAY:client] Emitting onStateChange event (2 registered)
[2026-07-14 15:14:26] [[32minfo[39m] STATE : PAIRING
[34mdebug[39m:    [AICA_GATEWAY:client] Emitting onInterfaceChange event (1 registered)
[32mhttp[39m:     [AICA_GATEWAY:client] Current state: SYNCING (CONNECTING)
[34mdebug[39m:    [AICA_GATEWAY:client] Emitting onStateChange event (2 registered)
[2026-07-14 15:14:26] [[32minfo[39m] STATE : CONNECTED
[34mdebug[39m:    [AICA_GATEWAY:client] Emitting onInterfaceChange event (1 registered)
[32mhttp[39m:     [AICA_GATEWAY:client] Current state: MAIN (NORMAL)
[34mdebug[39m:    [AICA_GATEWAY:client] Emitting onInterfaceChange event (1 registered)
[32mhttp[39m:     [AICA_GATEWAY:client] Current state: MAIN (NORMAL)
[34mdebug[39m:    [AICA_GATEWAY:client] Emitting onInterfaceChange event (1 registered)
[32mhttp[39m:     [AICA_GATEWAY:client] Current state: MAIN (NORMAL)
[32mhttp[39m:     [AICA_GATEWAY:client] Connected
[2026-07-14 15:14:27] [[32minfo[39m] STATUS : inChat
[2026-07-14 15:14:28] [[32minfo[39m] [QUEUE] SEND -> 628998951202
INSIDE SENDTEXT
628998951202
[2026-07-14 15:14:35] [[32minfo[39m] GET /send-message?token=AICA123456&number=628998951202&message=Halo%20Dari%20Gateway
==========================
TOKEN REQUEST : AICA123456
TOKEN CONFIG  : AICA123456
==========================
==============================
SEND MESSAGE REQUEST
628998951202
Halo Dari Gateway
==============================
QUEUE ADD
[2026-07-14 15:14:44] [[32minfo[39m] [QUEUE] SUCCESS -> 628998951202
[2026-07-14 15:14:44] [[32minfo[39m] [QUEUE] SEND -> 628998951202
INSIDE SENDTEXT
628998951202
[2026-07-14 15:14:44] [[32minfo[39m] [QUEUE] SUCCESS -> 628998951202
[2026-07-14 15:21:53] [[32minfo[39m] GET /health
[2026-07-14 15:21:53] [[32minfo[39m] GET /favicon.ico
[2026-07-14 15:26:55] [[32minfo[39m] GET /send-message?token=AICA123456&number=628998951202&message=Halo%20Dari%20Gateway
==========================
TOKEN REQUEST : AICA123456
TOKEN CONFIG  : AICA123456
==========================
==============================
SEND MESSAGE REQUEST
628998951202
Halo Dari Gateway
==============================
QUEUE ADD
[2026-07-14 15:26:55] [[32minfo[39m] [QUEUE] SEND -> 628998951202
INSIDE SENDTEXT
628998951202
[2026-07-14 15:26:55] [[32minfo[39m] [QUEUE] SUCCESS -> 628998951202
[2026-07-14 15:32:00] [[32minfo[39m] GET /send-message?number=628998951202&message=%2AJangan+balas+pesan+ini%2A%0D%0Aini+adalah+test+mengirim+pesan+otomatis+ke+whatsapp+melalui+Aica+Indria+Internal+System+https%3A%2F%2Feit.lem-fox.com%2Fhome%0D%0A%0D%0A%0D%0A%2ADeveloped+by+%3A+Yulvi+Setiyawan%2A%0D%0A%2APT+AICA+INDRIA%2A&token=AICA123456
==========================
TOKEN REQUEST : AICA123456
TOKEN CONFIG  : AICA123456
==========================
==============================
SEND MESSAGE REQUEST
628998951202
*Jangan balas pesan ini*
ini adalah test mengirim pesan otomatis ke whatsapp melalui Aica Indria Internal System https://eit.lem-fox.com/home


*Developed by : Yulvi Setiyawan*
*PT AICA INDRIA*
==============================
QUEUE ADD
[2026-07-14 15:32:00] [[32minfo[39m] [QUEUE] SEND -> 628998951202
INSIDE SENDTEXT
628998951202
[2026-07-14 15:32:03] [[32minfo[39m] [QUEUE] SUCCESS -> 628998951202
[2026-07-14 15:32:54] [[33mwarn[39m] SIGINT received
[2026-07-14 15:32:54] [[33mwarn[39m] STOPPING WHATSAPP...
[2026-07-14 15:36:41] [[32minfo[39m] ====================================
[2026-07-14 15:36:41] [[32minfo[39m] STARTING WHATSAPP
[2026-07-14 15:36:41] [[32minfo[39m] ====================================
[32minfo[39m:     [AICA_GATEWAY:browser] Using browser folder 'E:\laragon\whatsap-api-new-2026\session\AICA_GATEWAY'
[32minfo[39m:     [AICA_GATEWAY:browser] Initializing browser...
[32mhttp[39m:     [AICA_GATEWAY:browser] checking headless...
[32mhttp[39m:     [AICA_GATEWAY:browser] headless option is disabled, browser visible
[32minfo[39m:     [AICA_GATEWAY:client] Initializing...
[36mverbose[39m:  [AICA_GATEWAY:client] Setting WhatsApp WEB version to 2.3000.10305x
[31merror[39m:    [AICA_GATEWAY:client] Version not available for 2.3000.10305x, using latest as fallback
[36mverbose[39m:  [AICA_GATEWAY:client] Loading WhatsApp WEB
[36mverbose[39m:  [AICA_GATEWAY:page] Page loaded
[36mverbose[39m:  [AICA_GATEWAY:client] Injecting wapi.js
[36mverbose[39m:  [AICA_GATEWAY:client] WhatsApp WEB loaded
[32mhttp[39m:     [AICA_GATEWAY:client] Waiting page load
[36mverbose[39m:  [AICA_GATEWAY:client] wapi.js injected
[34mdebug[39m:    [AICA_GATEWAY:client] Exposing onMessage function
[34mdebug[39m:    [AICA_GATEWAY:client] Exposing onAnyMessage function
[32minfo[39m:     [AICA_GATEWAY:client] WhatsApp WEB version: 2.3000.1043117381
[32minfo[39m:     [AICA_GATEWAY:client] WA-JS version: 4.3.1
[34mdebug[39m:    [AICA_GATEWAY:client] Exposing onAck function
[34mdebug[39m:    [AICA_GATEWAY:client] Exposing onMessageEdit function
[34mdebug[39m:    [AICA_GATEWAY:client] Exposing onNotificationMessage function
[34mdebug[39m:    [AICA_GATEWAY:client] Exposing onParticipantsChanged function
[34mdebug[39m:    [AICA_GATEWAY:client] Exposing onStateChange function
[34mdebug[39m:    [AICA_GATEWAY:client] Exposing onStreamChange function
[34mdebug[39m:    [AICA_GATEWAY:client] Exposing onStreamModeChanged function
[34mdebug[39m:    [AICA_GATEWAY:client] Exposing onStreamInfoChanged function
[34mdebug[39m:    [AICA_GATEWAY:client] Exposing onIncomingCall function
[34mdebug[39m:    [AICA_GATEWAY:client] Exposing onInterfaceChange function
[34mdebug[39m:    [AICA_GATEWAY:client] Exposing onPresenceChanged function
[34mdebug[39m:    [AICA_GATEWAY:client] Exposing onLiveLocation function
[34mdebug[39m:    [AICA_GATEWAY:client] Exposing onBackendEvent function
[34mdebug[39m:    [AICA_GATEWAY:client] Exposing onAddedToGroup function
[34mdebug[39m:    [AICA_GATEWAY:client] Exposing onRevokedMessage function
[34mdebug[39m:    [AICA_GATEWAY:client] Exposing onReactionMessage function
[34mdebug[39m:    [AICA_GATEWAY:client] Exposing onPollResponse function
[34mdebug[39m:    [AICA_GATEWAY:client] Exposing onUpdateLabel function
[34mdebug[39m:    [AICA_GATEWAY:client] Exposing onOrderStatusUpdate function
[34mdebug[39m:    [AICA_GATEWAY:client] Exposing onNewChat function
[34mdebug[39m:    [AICA_GATEWAY:client] Emitting onInterfaceChange event (1 registered)
[32mhttp[39m:     [AICA_GATEWAY:client] Current state: SYNCING (CONNECTING)
[32mhttp[39m:     [AICA_GATEWAY:client] Checking is logged...
[32mhttp[39m:     [AICA_GATEWAY:client] Authenticated
[2026-07-14 15:36:43] [[32minfo[39m] STATUS : isLogged
[32minfo[39m:     [AICA_GATEWAY:client] Auto close configured to 180s
[32mhttp[39m:     [AICA_GATEWAY:client] Checking phone is connected...
[34mdebug[39m:    [AICA_GATEWAY:client] Emitting onInterfaceChange event (1 registered)
[32mhttp[39m:     [AICA_GATEWAY:client] Current state: SYNCING (CONNECTING)
[34mdebug[39m:    [AICA_GATEWAY:client] Registering onStateChange event
[2026-07-14 15:36:44] [[32minfo[39m] CONNECTED : -
[34mdebug[39m:    [AICA_GATEWAY:client] Registering onStateChange event
[34mdebug[39m:    [AICA_GATEWAY:client] Registering onMessage event
[2026-07-14 15:36:44] [[32minfo[39m] [SCHEDULER] Starting...
[2026-07-14 15:36:44] [[32minfo[39m] [SCHEDULER] Started
[2026-07-14 15:36:44] [[32minfo[39m] [WATCHDOG] Started
[2026-07-14 15:36:44] [[32minfo[39m] ====================================
[2026-07-14 15:36:44] [[32minfo[39m] AICA WhatsApp Gateway
[2026-07-14 15:36:44] [[32minfo[39m] ====================================
[2026-07-14 15:36:44] [[32minfo[39m] Server : http://0.0.0.0:8088
[2026-07-14 15:36:44] [[32minfo[39m] Gateway Ready
[2026-07-14 15:36:44] [[32minfo[39m] ====================================
[34mdebug[39m:    [AICA_GATEWAY:client] Emitting onInterfaceChange event (1 registered)
[32mhttp[39m:     [AICA_GATEWAY:client] Current state: SYNCING (CONNECTING)
[34mdebug[39m:    [AICA_GATEWAY:client] Emitting onStateChange event (2 registered)
[2026-07-14 15:36:44] [[32minfo[39m] STATE : PAIRING
[34mdebug[39m:    [AICA_GATEWAY:client] Emitting onInterfaceChange event (1 registered)
[32mhttp[39m:     [AICA_GATEWAY:client] Current state: SYNCING (CONNECTING)
[34mdebug[39m:    [AICA_GATEWAY:client] Emitting onStateChange event (2 registered)
[2026-07-14 15:36:44] [[32minfo[39m] STATE : CONNECTED
[34mdebug[39m:    [AICA_GATEWAY:client] Emitting onInterfaceChange event (1 registered)
[32mhttp[39m:     [AICA_GATEWAY:client] Current state: MAIN (NORMAL)
[34mdebug[39m:    [AICA_GATEWAY:client] Emitting onInterfaceChange event (1 registered)
[32mhttp[39m:     [AICA_GATEWAY:client] Current state: MAIN (NORMAL)
[34mdebug[39m:    [AICA_GATEWAY:client] Emitting onInterfaceChange event (1 registered)
[32mhttp[39m:     [AICA_GATEWAY:client] Current state: MAIN (NORMAL)
[32mhttp[39m:     [AICA_GATEWAY:client] Connected
[2026-07-14 15:36:44] [[32minfo[39m] STATUS : inChat
[2026-07-14 15:36:46] [[32minfo[39m] GET /send-message?number=628998951202&message=%2AJangan+balas+pesan+ini%2A%0D%0Aini+adalah+test+mengirim+pesan+otomatis+ke+whatsapp+melalui+Aica+Indria+Internal+System+https%3A%2F%2Feit.lem-fox.com%2Fhome%0D%0A%0D%0A%0D%0A%2ADeveloped+by+%3A+Yulvi+Setiyawan%2A%0D%0A%2APT+AICA+INDRIA%2A&token=AICA123456
==========================
TOKEN REQUEST : AICA123456
TOKEN CONFIG  : AICA123456
==========================
==============================
SEND MESSAGE REQUEST
628998951202
*Jangan balas pesan ini*
ini adalah test mengirim pesan otomatis ke whatsapp melalui Aica Indria Internal System https://eit.lem-fox.com/home


*Developed by : Yulvi Setiyawan*
*PT AICA INDRIA*
==============================
QUEUE ADD
[2026-07-14 15:36:46] [[32minfo[39m] [QUEUE] SEND -> 628998951202
INSIDE SENDTEXT
628998951202
[2026-07-14 15:36:49] [[33mwarn[39m] [QUEUE] Retry 1/5
[36mverbose[39m:  [AICA_GATEWAY:page] Page loaded
[36mverbose[39m:  [AICA_GATEWAY:client] Injecting wapi.js
[36mverbose[39m:  [AICA_GATEWAY:client] wapi.js injected
[32minfo[39m:     [AICA_GATEWAY:client] WhatsApp WEB version: 2.3000.1043117381
[32minfo[39m:     [AICA_GATEWAY:client] WA-JS version: 4.3.1
[34mdebug[39m:    [AICA_GATEWAY:client] Emitting onStateChange event (2 registered)
[2026-07-14 15:36:50] [[32minfo[39m] STATE : OPENING
[34mdebug[39m:    [AICA_GATEWAY:client] Emitting onInterfaceChange event (1 registered)
[32mhttp[39m:     [AICA_GATEWAY:client] Current state: SYNCING (CONNECTING)
[34mdebug[39m:    [AICA_GATEWAY:client] Emitting onInterfaceChange event (1 registered)
[32mhttp[39m:     [AICA_GATEWAY:client] Current state: SYNCING (CONNECTING)
[34mdebug[39m:    [AICA_GATEWAY:client] Emitting onStateChange event (2 registered)
[2026-07-14 15:36:50] [[32minfo[39m] STATE : PAIRING
[34mdebug[39m:    [AICA_GATEWAY:client] Emitting onInterfaceChange event (1 registered)
[32mhttp[39m:     [AICA_GATEWAY:client] Current state: SYNCING (CONNECTING)
[34mdebug[39m:    [AICA_GATEWAY:client] Emitting onStateChange event (2 registered)
[2026-07-14 15:36:50] [[32minfo[39m] STATE : CONNECTED
[34mdebug[39m:    [AICA_GATEWAY:client] Emitting onInterfaceChange event (1 registered)
[32mhttp[39m:     [AICA_GATEWAY:client] Current state: MAIN (NORMAL)
[34mdebug[39m:    [AICA_GATEWAY:client] Emitting onInterfaceChange event (1 registered)
[32mhttp[39m:     [AICA_GATEWAY:client] Current state: MAIN (NORMAL)
[34mdebug[39m:    [AICA_GATEWAY:client] Emitting onInterfaceChange event (1 registered)
[32mhttp[39m:     [AICA_GATEWAY:client] Current state: MAIN (NORMAL)
[32mhttp[39m:     [AICA_GATEWAY:client] Connected
[2026-07-14 15:36:51] [[32minfo[39m] STATUS : inChat
[2026-07-14 15:36:52] [[32minfo[39m] [QUEUE] SEND -> 628998951202
INSIDE SENDTEXT
628998951202
[2026-07-14 15:36:53] [[32minfo[39m] [QUEUE] SUCCESS -> 628998951202
[2026-07-14 15:37:14] [[32minfo[39m] [WATCHDOG] READY=true STATUS=inChat
[2026-07-14 15:37:14] [[32minfo[39m] [WATCHDOG] READY=true STATUS=inChat
[2026-07-14 15:37:44] [[32minfo[39m] [QUEUE] Waiting=0 Processing=0
[2026-07-14 15:37:44] [[32minfo[39m] [HEALTH] READY=true STATUS=inChat
[2026-07-14 15:37:44] [[32minfo[39m] [WATCHDOG] READY=true STATUS=inChat
[2026-07-14 15:37:44] [[32minfo[39m] [WATCHDOG] READY=true STATUS=inChat
[2026-07-14 15:38:14] [[32minfo[39m] [WATCHDOG] READY=true STATUS=inChat
[2026-07-14 15:38:14] [[32minfo[39m] [WATCHDOG] READY=true STATUS=inChat
[2026-07-14 15:38:44] [[32minfo[39m] [QUEUE] Waiting=0 Processing=0
[2026-07-14 15:38:44] [[32minfo[39m] [HEALTH] READY=true STATUS=inChat
[2026-07-14 15:38:44] [[32minfo[39m] [WATCHDOG] READY=true STATUS=inChat
[2026-07-14 15:38:44] [[32minfo[39m] [WATCHDOG] READY=true STATUS=inChat
[2026-07-14 15:39:14] [[32minfo[39m] [WATCHDOG] READY=true STATUS=inChat
[2026-07-14 15:39:14] [[32minfo[39m] [WATCHDOG] READY=true STATUS=inChat
[2026-07-14 15:39:44] [[32minfo[39m] [QUEUE] Waiting=0 Processing=0
[2026-07-14 15:39:44] [[32minfo[39m] [HEALTH] READY=true STATUS=inChat
[2026-07-14 15:39:44] [[32minfo[39m] [WATCHDOG] READY=true STATUS=inChat
[2026-07-14 15:39:44] [[32minfo[39m] [WATCHDOG] READY=true STATUS=inChat
[2026-07-14 15:40:14] [[32minfo[39m] [WATCHDOG] READY=true STATUS=inChat
[2026-07-14 15:40:14] [[32minfo[39m] [WATCHDOG] READY=true STATUS=inChat
[2026-07-14 15:40:44] [[32minfo[39m] [QUEUE] Waiting=0 Processing=0
[2026-07-14 15:40:44] [[32minfo[39m] [HEALTH] READY=true STATUS=inChat
[2026-07-14 15:40:44] [[32minfo[39m] [WATCHDOG] READY=true STATUS=inChat
[2026-07-14 15:40:44] [[32minfo[39m] [WATCHDOG] READY=true STATUS=inChat
[2026-07-14 15:41:14] [[32minfo[39m] [WATCHDOG] READY=true STATUS=inChat
[2026-07-14 15:41:14] [[32minfo[39m] [WATCHDOG] READY=true STATUS=inChat
[2026-07-14 15:41:44] [[32minfo[39m] [QUEUE] Waiting=0 Processing=0
[2026-07-14 15:41:44] [[32minfo[39m] [HEALTH] READY=true STATUS=inChat
[2026-07-14 15:41:44] [[32minfo[39m] [WATCHDOG] READY=true STATUS=inChat
[2026-07-14 15:41:44] [[32minfo[39m] [WATCHDOG] READY=true STATUS=inChat
[2026-07-14 15:42:14] [[32minfo[39m] [WATCHDOG] READY=true STATUS=inChat
[2026-07-14 15:42:14] [[32minfo[39m] [WATCHDOG] READY=true STATUS=inChat
[2026-07-14 15:42:44] [[32minfo[39m] [QUEUE] Waiting=0 Processing=0
[2026-07-14 15:42:44] [[32minfo[39m] [HEALTH] READY=true STATUS=inChat
[2026-07-14 15:42:44] [[32minfo[39m] [WATCHDOG] READY=true STATUS=inChat
[2026-07-14 15:42:44] [[32minfo[39m] [WATCHDOG] READY=true STATUS=inChat
[2026-07-14 15:43:14] [[32minfo[39m] [WATCHDOG] READY=true STATUS=inChat
[2026-07-14 15:43:14] [[32minfo[39m] [WATCHDOG] READY=true STATUS=inChat
[2026-07-14 15:43:44] [[32minfo[39m] [QUEUE] Waiting=0 Processing=0
[2026-07-14 15:43:44] [[32minfo[39m] [HEALTH] READY=true STATUS=inChat
[2026-07-14 15:43:44] [[32minfo[39m] [WATCHDOG] READY=true STATUS=inChat
[2026-07-14 15:43:44] [[32minfo[39m] [WATCHDOG] READY=true STATUS=inChat
[2026-07-14 15:44:14] [[32minfo[39m] [WATCHDOG] READY=true STATUS=inChat
[2026-07-14 15:44:14] [[32minfo[39m] [WATCHDOG] READY=true STATUS=inChat
[2026-07-14 15:44:44] [[32minfo[39m] [QUEUE] Waiting=0 Processing=0
[2026-07-14 15:44:44] [[32minfo[39m] [HEALTH] READY=true STATUS=inChat
[2026-07-14 15:44:44] [[32minfo[39m] [WATCHDOG] READY=true STATUS=inChat
[2026-07-14 15:44:44] [[32minfo[39m] [WATCHDOG] READY=true STATUS=inChat
[2026-07-14 15:45:14] [[32minfo[39m] [WATCHDOG] READY=true STATUS=inChat
[2026-07-14 15:45:14] [[32minfo[39m] [WATCHDOG] READY=true STATUS=inChat
[2026-07-14 15:45:44] [[32minfo[39m] [QUEUE] Waiting=0 Processing=0
[2026-07-14 15:45:44] [[32minfo[39m] [HEALTH] READY=true STATUS=inChat
[2026-07-14 15:45:44] [[32minfo[39m] [WATCHDOG] READY=true STATUS=inChat
[2026-07-14 15:45:44] [[32minfo[39m] [WATCHDOG] READY=true STATUS=inChat
[2026-07-14 15:46:14] [[32minfo[39m] [WATCHDOG] READY=true STATUS=inChat
[2026-07-14 15:46:14] [[32minfo[39m] [WATCHDOG] READY=true STATUS=inChat
[2026-07-14 15:46:44] [[32minfo[39m] [QUEUE] Waiting=0 Processing=0
[2026-07-14 15:46:44] [[32minfo[39m] [HEALTH] READY=true STATUS=inChat
[2026-07-14 15:46:44] [[32minfo[39m] [WATCHDOG] READY=true STATUS=inChat
[2026-07-14 15:46:44] [[32minfo[39m] [WATCHDOG] READY=true STATUS=inChat
[2026-07-14 15:47:14] [[32minfo[39m] [WATCHDOG] READY=true STATUS=inChat
[2026-07-14 15:47:14] [[32minfo[39m] [WATCHDOG] READY=true STATUS=inChat
[2026-07-14 15:47:44] [[32minfo[39m] [QUEUE] Waiting=0 Processing=0
[2026-07-14 15:47:44] [[32minfo[39m] [HEALTH] READY=true STATUS=inChat
[2026-07-14 15:47:44] [[32minfo[39m] [WATCHDOG] READY=true STATUS=inChat
[2026-07-14 15:47:44] [[32minfo[39m] [WATCHDOG] READY=true STATUS=inChat
[2026-07-14 15:48:14] [[32minfo[39m] [WATCHDOG] READY=true STATUS=inChat
[2026-07-14 15:48:14] [[32minfo[39m] [WATCHDOG] READY=true STATUS=inChat
[2026-07-14 15:48:44] [[32minfo[39m] [QUEUE] Waiting=0 Processing=0
[2026-07-14 15:48:44] [[32minfo[39m] [HEALTH] READY=true STATUS=inChat
[2026-07-14 15:48:44] [[32minfo[39m] [WATCHDOG] READY=true STATUS=inChat
[2026-07-14 15:48:44] [[32minfo[39m] [WATCHDOG] READY=true STATUS=inChat
[2026-07-14 15:49:14] [[32minfo[39m] [WATCHDOG] READY=true STATUS=inChat
[2026-07-14 15:49:14] [[32minfo[39m] [WATCHDOG] READY=true STATUS=inChat
[2026-07-14 15:49:44] [[32minfo[39m] [QUEUE] Waiting=0 Processing=0
[2026-07-14 15:49:44] [[32minfo[39m] [HEALTH] READY=true STATUS=inChat
[2026-07-14 15:49:44] [[32minfo[39m] [WATCHDOG] READY=true STATUS=inChat
[2026-07-14 15:49:44] [[32minfo[39m] [WATCHDOG] READY=true STATUS=inChat
[2026-07-14 15:49:47] [[32minfo[39m] GET /
[2026-07-14 15:50:11] [[33mwarn[39m] SIGINT received
[2026-07-14 15:50:11] [[33mwarn[39m] [SCHEDULER] Stop
[2026-07-14 15:50:11] [[33mwarn[39m] Shutdown WhatsApp...
[2026-07-14 16:24:56] [[32minfo[39m] ====================================
[2026-07-14 16:24:56] [[32minfo[39m] STARTING WHATSAPP
[2026-07-14 16:24:56] [[32minfo[39m] ====================================
[32minfo[39m:     [AICA_GATEWAY:browser] Using browser folder 'E:\laragon\whatsap-api-new-2026\session\AICA_GATEWAY'
[32minfo[39m:     [AICA_GATEWAY:browser] Initializing browser...
[32mhttp[39m:     [AICA_GATEWAY:browser] checking headless...
[32mhttp[39m:     [AICA_GATEWAY:browser] headless option is disabled, browser visible
[32minfo[39m:     [AICA_GATEWAY:client] Initializing...
[36mverbose[39m:  [AICA_GATEWAY:client] Setting WhatsApp WEB version to 2.3000.10305x
[31merror[39m:    [AICA_GATEWAY:client] Version not available for 2.3000.10305x, using latest as fallback
[36mverbose[39m:  [AICA_GATEWAY:client] Loading WhatsApp WEB
[36mverbose[39m:  [AICA_GATEWAY:page] Page loaded
[36mverbose[39m:  [AICA_GATEWAY:client] Injecting wapi.js
[36mverbose[39m:  [AICA_GATEWAY:client] WhatsApp WEB loaded
[32mhttp[39m:     [AICA_GATEWAY:client] Waiting page load
[36mverbose[39m:  [AICA_GATEWAY:client] wapi.js injected
[34mdebug[39m:    [AICA_GATEWAY:client] Exposing onMessage function
[34mdebug[39m:    [AICA_GATEWAY:client] Exposing onAnyMessage function
[32minfo[39m:     [AICA_GATEWAY:client] WhatsApp WEB version: 2.3000.1043117381
[32minfo[39m:     [AICA_GATEWAY:client] WA-JS version: 4.3.1
[34mdebug[39m:    [AICA_GATEWAY:client] Exposing onAck function
[34mdebug[39m:    [AICA_GATEWAY:client] Exposing onMessageEdit function
[34mdebug[39m:    [AICA_GATEWAY:client] Exposing onNotificationMessage function
[34mdebug[39m:    [AICA_GATEWAY:client] Exposing onParticipantsChanged function
[34mdebug[39m:    [AICA_GATEWAY:client] Exposing onStateChange function
[34mdebug[39m:    [AICA_GATEWAY:client] Exposing onStreamChange function
[34mdebug[39m:    [AICA_GATEWAY:client] Exposing onStreamModeChanged function
[34mdebug[39m:    [AICA_GATEWAY:client] Exposing onStreamInfoChanged function
[34mdebug[39m:    [AICA_GATEWAY:client] Exposing onIncomingCall function
[34mdebug[39m:    [AICA_GATEWAY:client] Exposing onInterfaceChange function
[34mdebug[39m:    [AICA_GATEWAY:client] Exposing onPresenceChanged function
[34mdebug[39m:    [AICA_GATEWAY:client] Exposing onLiveLocation function
[34mdebug[39m:    [AICA_GATEWAY:client] Exposing onBackendEvent function
[34mdebug[39m:    [AICA_GATEWAY:client] Exposing onAddedToGroup function
[34mdebug[39m:    [AICA_GATEWAY:client] Exposing onRevokedMessage function
[34mdebug[39m:    [AICA_GATEWAY:client] Exposing onReactionMessage function
[34mdebug[39m:    [AICA_GATEWAY:client] Exposing onPollResponse function
[34mdebug[39m:    [AICA_GATEWAY:client] Exposing onUpdateLabel function
[34mdebug[39m:    [AICA_GATEWAY:client] Exposing onOrderStatusUpdate function
[34mdebug[39m:    [AICA_GATEWAY:client] Exposing onNewChat function
[34mdebug[39m:    [AICA_GATEWAY:client] Emitting onInterfaceChange event (1 registered)
[32mhttp[39m:     [AICA_GATEWAY:client] Current state: SYNCING (CONNECTING)
[32mhttp[39m:     [AICA_GATEWAY:client] Checking is logged...
[32mhttp[39m:     [AICA_GATEWAY:client] Authenticated
[2026-07-14 16:24:59] [[32minfo[39m] STATUS : isLogged
[32minfo[39m:     [AICA_GATEWAY:client] Auto close configured to 180s
[32mhttp[39m:     [AICA_GATEWAY:client] Checking phone is connected...
[34mdebug[39m:    [AICA_GATEWAY:client] Emitting onInterfaceChange event (1 registered)
[32mhttp[39m:     [AICA_GATEWAY:client] Current state: SYNCING (CONNECTING)
[34mdebug[39m:    [AICA_GATEWAY:client] Registering onStateChange event
[2026-07-14 16:25:00] [[32minfo[39m] CONNECTED : -
[34mdebug[39m:    [AICA_GATEWAY:client] Registering onStateChange event
[34mdebug[39m:    [AICA_GATEWAY:client] Registering onMessage event
[2026-07-14 16:25:00] [[32minfo[39m] [SCHEDULER] Starting...
[2026-07-14 16:25:00] [[32minfo[39m] [SCHEDULER] Started
[2026-07-14 16:25:00] [[32minfo[39m] [WATCHDOG] Started
[2026-07-14 16:25:00] [[32minfo[39m] ==========================================
[2026-07-14 16:25:00] [[32minfo[39m] AICA WhatsApp Gateway v4
[2026-07-14 16:25:00] [[32minfo[39m] ==========================================
[2026-07-14 16:25:00] [[32minfo[39m] URL : http://localhost:8088
[2026-07-14 16:25:00] [[32minfo[39m] API : http://localhost:8088/api
[2026-07-14 16:25:00] [[32minfo[39m] Gateway Ready
[2026-07-14 16:25:00] [[32minfo[39m] ==========================================
[2026-07-14 16:25:00] [[32minfo[39m] GET /
[34mdebug[39m:    [AICA_GATEWAY:client] Emitting onInterfaceChange event (1 registered)
[32mhttp[39m:     [AICA_GATEWAY:client] Current state: SYNCING (CONNECTING)
[34mdebug[39m:    [AICA_GATEWAY:client] Emitting onStateChange event (2 registered)
[2026-07-14 16:25:00] [[32minfo[39m] STATE : PAIRING
[34mdebug[39m:    [AICA_GATEWAY:client] Emitting onInterfaceChange event (1 registered)
[32mhttp[39m:     [AICA_GATEWAY:client] Current state: SYNCING (CONNECTING)
[34mdebug[39m:    [AICA_GATEWAY:client] Emitting onStateChange event (2 registered)
[2026-07-14 16:25:00] [[32minfo[39m] STATE : CONNECTED
[34mdebug[39m:    [AICA_GATEWAY:client] Emitting onInterfaceChange event (1 registered)
[32mhttp[39m:     [AICA_GATEWAY:client] Current state: MAIN (NORMAL)
[34mdebug[39m:    [AICA_GATEWAY:client] Emitting onInterfaceChange event (1 registered)
[32mhttp[39m:     [AICA_GATEWAY:client] Current state: MAIN (NORMAL)
[34mdebug[39m:    [AICA_GATEWAY:client] Emitting onInterfaceChange event (1 registered)
[32mhttp[39m:     [AICA_GATEWAY:client] Current state: MAIN (NORMAL)
[32mhttp[39m:     [AICA_GATEWAY:client] Connected
[2026-07-14 16:25:01] [[32minfo[39m] STATUS : inChat
[36mverbose[39m:  [AICA_GATEWAY:page] Page loaded
[36mverbose[39m:  [AICA_GATEWAY:client] Injecting wapi.js
[36mverbose[39m:  [AICA_GATEWAY:client] wapi.js injected
[32minfo[39m:     [AICA_GATEWAY:client] WhatsApp WEB version: 2.3000.1043117381
[32minfo[39m:     [AICA_GATEWAY:client] WA-JS version: 4.3.1
[34mdebug[39m:    [AICA_GATEWAY:client] Emitting onStateChange event (2 registered)
[2026-07-14 16:25:06] [[32minfo[39m] STATE : OPENING
[34mdebug[39m:    [AICA_GATEWAY:client] Emitting onInterfaceChange event (1 registered)
[32mhttp[39m:     [AICA_GATEWAY:client] Current state: SYNCING (CONNECTING)
[34mdebug[39m:    [AICA_GATEWAY:client] Emitting onInterfaceChange event (1 registered)
[32mhttp[39m:     [AICA_GATEWAY:client] Current state: SYNCING (CONNECTING)
[34mdebug[39m:    [AICA_GATEWAY:client] Emitting onStateChange event (2 registered)
[2026-07-14 16:25:06] [[32minfo[39m] STATE : PAIRING
[34mdebug[39m:    [AICA_GATEWAY:client] Emitting onInterfaceChange event (1 registered)
[32mhttp[39m:     [AICA_GATEWAY:client] Current state: SYNCING (CONNECTING)
[34mdebug[39m:    [AICA_GATEWAY:client] Emitting onStateChange event (2 registered)
[2026-07-14 16:25:06] [[32minfo[39m] STATE : CONNECTED
[34mdebug[39m:    [AICA_GATEWAY:client] Emitting onInterfaceChange event (1 registered)
[32mhttp[39m:     [AICA_GATEWAY:client] Current state: MAIN (NORMAL)
[34mdebug[39m:    [AICA_GATEWAY:client] Emitting onInterfaceChange event (1 registered)
[32mhttp[39m:     [AICA_GATEWAY:client] Current state: MAIN (NORMAL)
[34mdebug[39m:    [AICA_GATEWAY:client] Emitting onInterfaceChange event (1 registered)
[32mhttp[39m:     [AICA_GATEWAY:client] Current state: MAIN (NORMAL)
[32mhttp[39m:     [AICA_GATEWAY:client] Connected
[2026-07-14 16:25:06] [[32minfo[39m] STATUS : inChat
[2026-07-14 16:25:30] [[32minfo[39m] [WATCHDOG] READY=true STATUS=inChat
[2026-07-14 16:25:30] [[32minfo[39m] [WATCHDOG] READY=true STATUS=inChat
[2026-07-14 16:25:34] [[32minfo[39m] GET /send-message?token=AICA123456&number=628998951202&message=Halo%20Dari%20Gateway
[2026-07-14 16:25:44] [[33mwarn[39m] SIGINT received
[2026-07-14 16:25:44] [[33mwarn[39m] [SCHEDULER] Stop
[2026-07-14 16:25:44] [[32minfo[39m] [WATCHDOG] Stopped
[2026-07-14 16:25:44] [[33mwarn[39m] Shutdown WhatsApp...
[2026-07-14 16:25:54] [[32minfo[39m] ====================================
[2026-07-14 16:25:54] [[32minfo[39m] STARTING WHATSAPP
[2026-07-14 16:25:54] [[32minfo[39m] ====================================
[32minfo[39m:     [AICA_GATEWAY:browser] Using browser folder 'E:\laragon\whatsap-api-new-2026\session\AICA_GATEWAY'
[32minfo[39m:     [AICA_GATEWAY:browser] Initializing browser...
[32mhttp[39m:     [AICA_GATEWAY:browser] checking headless...
[32mhttp[39m:     [AICA_GATEWAY:browser] headless option is disabled, browser visible
[32minfo[39m:     [AICA_GATEWAY:client] Initializing...
[36mverbose[39m:  [AICA_GATEWAY:client] Setting WhatsApp WEB version to 2.3000.10305x
[31merror[39m:    [AICA_GATEWAY:client] Version not available for 2.3000.10305x, using latest as fallback
[36mverbose[39m:  [AICA_GATEWAY:client] Loading WhatsApp WEB
[36mverbose[39m:  [AICA_GATEWAY:page] Page loaded
[36mverbose[39m:  [AICA_GATEWAY:client] Injecting wapi.js
[36mverbose[39m:  [AICA_GATEWAY:client] WhatsApp WEB loaded
[32mhttp[39m:     [AICA_GATEWAY:client] Waiting page load
[36mverbose[39m:  [AICA_GATEWAY:client] wapi.js injected
[34mdebug[39m:    [AICA_GATEWAY:client] Exposing onMessage function
[34mdebug[39m:    [AICA_GATEWAY:client] Exposing onAnyMessage function
[32minfo[39m:     [AICA_GATEWAY:client] WhatsApp WEB version: 2.3000.1043117381
[32minfo[39m:     [AICA_GATEWAY:client] WA-JS version: 4.3.1
[34mdebug[39m:    [AICA_GATEWAY:client] Exposing onAck function
[34mdebug[39m:    [AICA_GATEWAY:client] Exposing onMessageEdit function
[34mdebug[39m:    [AICA_GATEWAY:client] Exposing onNotificationMessage function
[34mdebug[39m:    [AICA_GATEWAY:client] Exposing onParticipantsChanged function
[34mdebug[39m:    [AICA_GATEWAY:client] Exposing onStateChange function
[34mdebug[39m:    [AICA_GATEWAY:client] Exposing onStreamChange function
[34mdebug[39m:    [AICA_GATEWAY:client] Exposing onStreamModeChanged function
[34mdebug[39m:    [AICA_GATEWAY:client] Exposing onStreamInfoChanged function
[34mdebug[39m:    [AICA_GATEWAY:client] Exposing onIncomingCall function
[34mdebug[39m:    [AICA_GATEWAY:client] Exposing onInterfaceChange function
[34mdebug[39m:    [AICA_GATEWAY:client] Exposing onPresenceChanged function
[34mdebug[39m:    [AICA_GATEWAY:client] Exposing onLiveLocation function
[34mdebug[39m:    [AICA_GATEWAY:client] Exposing onBackendEvent function
[34mdebug[39m:    [AICA_GATEWAY:client] Exposing onAddedToGroup function
[34mdebug[39m:    [AICA_GATEWAY:client] Exposing onRevokedMessage function
[34mdebug[39m:    [AICA_GATEWAY:client] Exposing onReactionMessage function
[34mdebug[39m:    [AICA_GATEWAY:client] Exposing onPollResponse function
[34mdebug[39m:    [AICA_GATEWAY:client] Exposing onUpdateLabel function
[34mdebug[39m:    [AICA_GATEWAY:client] Exposing onOrderStatusUpdate function
[34mdebug[39m:    [AICA_GATEWAY:client] Exposing onNewChat function
[34mdebug[39m:    [AICA_GATEWAY:client] Emitting onInterfaceChange event (1 registered)
[32mhttp[39m:     [AICA_GATEWAY:client] Current state: SYNCING (CONNECTING)
[32mhttp[39m:     [AICA_GATEWAY:client] Checking is logged...
[32mhttp[39m:     [AICA_GATEWAY:client] Authenticated
[2026-07-14 16:25:56] [[32minfo[39m] STATUS : isLogged
[32minfo[39m:     [AICA_GATEWAY:client] Auto close configured to 180s
[32mhttp[39m:     [AICA_GATEWAY:client] Checking phone is connected...
[34mdebug[39m:    [AICA_GATEWAY:client] Emitting onInterfaceChange event (1 registered)
[32mhttp[39m:     [AICA_GATEWAY:client] Current state: SYNCING (CONNECTING)
[34mdebug[39m:    [AICA_GATEWAY:client] Registering onStateChange event
[2026-07-14 16:25:57] [[32minfo[39m] CONNECTED : -
[34mdebug[39m:    [AICA_GATEWAY:client] Registering onStateChange event
[34mdebug[39m:    [AICA_GATEWAY:client] Registering onMessage event
[2026-07-14 16:25:57] [[32minfo[39m] [SCHEDULER] Starting...
[2026-07-14 16:25:57] [[32minfo[39m] [SCHEDULER] Started
[2026-07-14 16:25:57] [[32minfo[39m] [WATCHDOG] Started
[2026-07-14 16:25:57] [[32minfo[39m] ==========================================
[2026-07-14 16:25:57] [[32minfo[39m] AICA WhatsApp Gateway v4
[2026-07-14 16:25:57] [[32minfo[39m] ==========================================
[2026-07-14 16:25:57] [[32minfo[39m] URL : http://localhost:8088
[2026-07-14 16:25:57] [[32minfo[39m] API : http://localhost:8088/api
[2026-07-14 16:25:57] [[32minfo[39m] Gateway Ready
[2026-07-14 16:25:57] [[32minfo[39m] ==========================================
[34mdebug[39m:    [AICA_GATEWAY:client] Emitting onInterfaceChange event (1 registered)
[32mhttp[39m:     [AICA_GATEWAY:client] Current state: SYNCING (CONNECTING)
[34mdebug[39m:    [AICA_GATEWAY:client] Emitting onStateChange event (2 registered)
[2026-07-14 16:25:57] [[32minfo[39m] STATE : PAIRING
[34mdebug[39m:    [AICA_GATEWAY:client] Emitting onInterfaceChange event (1 registered)
[32mhttp[39m:     [AICA_GATEWAY:client] Current state: SYNCING (CONNECTING)
[34mdebug[39m:    [AICA_GATEWAY:client] Emitting onStateChange event (2 registered)
[2026-07-14 16:25:57] [[32minfo[39m] STATE : CONNECTED
[34mdebug[39m:    [AICA_GATEWAY:client] Emitting onInterfaceChange event (1 registered)
[32mhttp[39m:     [AICA_GATEWAY:client] Current state: MAIN (NORMAL)
[34mdebug[39m:    [AICA_GATEWAY:client] Emitting onInterfaceChange event (1 registered)
[32mhttp[39m:     [AICA_GATEWAY:client] Current state: MAIN (NORMAL)
[34mdebug[39m:    [AICA_GATEWAY:client] Emitting onInterfaceChange event (1 registered)
[32mhttp[39m:     [AICA_GATEWAY:client] Current state: MAIN (NORMAL)
[32mhttp[39m:     [AICA_GATEWAY:client] Connected
[2026-07-14 16:25:57] [[32minfo[39m] STATUS : inChat
[2026-07-14 16:25:58] [[33mwarn[39m] SIGINT received
[2026-07-14 16:25:58] [[33mwarn[39m] [SCHEDULER] Stop
[2026-07-14 16:25:58] [[32minfo[39m] [WATCHDOG] Stopped
[2026-07-14 16:25:58] [[33mwarn[39m] Shutdown WhatsApp...
[2026-07-14 16:35:28] [[32minfo[39m] ====================================
[2026-07-14 16:35:28] [[32minfo[39m] STARTING WHATSAPP
[2026-07-14 16:35:28] [[32minfo[39m] ====================================
[32minfo[39m:     [AICA_GATEWAY:browser] Using browser folder 'E:\laragon\whatsap-api-new-2026\session\AICA_GATEWAY'
[32minfo[39m:     [AICA_GATEWAY:browser] Initializing browser...
[32mhttp[39m:     [AICA_GATEWAY:browser] checking headless...
[32mhttp[39m:     [AICA_GATEWAY:browser] headless option is disabled, browser visible
[32minfo[39m:     [AICA_GATEWAY:client] Initializing...
[36mverbose[39m:  [AICA_GATEWAY:client] Setting WhatsApp WEB version to 2.3000.10305x
[31merror[39m:    [AICA_GATEWAY:client] Version not available for 2.3000.10305x, using latest as fallback
[36mverbose[39m:  [AICA_GATEWAY:client] Loading WhatsApp WEB
[36mverbose[39m:  [AICA_GATEWAY:page] Page loaded
[36mverbose[39m:  [AICA_GATEWAY:client] Injecting wapi.js
[36mverbose[39m:  [AICA_GATEWAY:client] WhatsApp WEB loaded
[32mhttp[39m:     [AICA_GATEWAY:client] Waiting page load
[36mverbose[39m:  [AICA_GATEWAY:client] wapi.js injected
[34mdebug[39m:    [AICA_GATEWAY:client] Exposing onMessage function
[34mdebug[39m:    [AICA_GATEWAY:client] Exposing onAnyMessage function
[32minfo[39m:     [AICA_GATEWAY:client] WhatsApp WEB version: 2.3000.1043117381
[32minfo[39m:     [AICA_GATEWAY:client] WA-JS version: 4.3.1
[34mdebug[39m:    [AICA_GATEWAY:client] Exposing onAck function
[34mdebug[39m:    [AICA_GATEWAY:client] Exposing onMessageEdit function
[34mdebug[39m:    [AICA_GATEWAY:client] Exposing onNotificationMessage function
[34mdebug[39m:    [AICA_GATEWAY:client] Exposing onParticipantsChanged function
[34mdebug[39m:    [AICA_GATEWAY:client] Exposing onStateChange function
[34mdebug[39m:    [AICA_GATEWAY:client] Exposing onStreamChange function
[34mdebug[39m:    [AICA_GATEWAY:client] Exposing onStreamModeChanged function
[34mdebug[39m:    [AICA_GATEWAY:client] Exposing onStreamInfoChanged function
[34mdebug[39m:    [AICA_GATEWAY:client] Exposing onIncomingCall function
[34mdebug[39m:    [AICA_GATEWAY:client] Exposing onInterfaceChange function
[34mdebug[39m:    [AICA_GATEWAY:client] Exposing onPresenceChanged function
[34mdebug[39m:    [AICA_GATEWAY:client] Exposing onLiveLocation function
[34mdebug[39m:    [AICA_GATEWAY:client] Exposing onBackendEvent function
[34mdebug[39m:    [AICA_GATEWAY:client] Exposing onAddedToGroup function
[34mdebug[39m:    [AICA_GATEWAY:client] Exposing onRevokedMessage function
[34mdebug[39m:    [AICA_GATEWAY:client] Exposing onReactionMessage function
[34mdebug[39m:    [AICA_GATEWAY:client] Exposing onPollResponse function
[34mdebug[39m:    [AICA_GATEWAY:client] Exposing onUpdateLabel function
[34mdebug[39m:    [AICA_GATEWAY:client] Exposing onOrderStatusUpdate function
[34mdebug[39m:    [AICA_GATEWAY:client] Exposing onNewChat function
[34mdebug[39m:    [AICA_GATEWAY:client] Emitting onInterfaceChange event (1 registered)
[32mhttp[39m:     [AICA_GATEWAY:client] Current state: SYNCING (CONNECTING)
[32mhttp[39m:     [AICA_GATEWAY:client] Checking is logged...
[32mhttp[39m:     [AICA_GATEWAY:client] Authenticated
[2026-07-14 16:35:31] [[32minfo[39m] STATUS : isLogged
[32minfo[39m:     [AICA_GATEWAY:client] Auto close configured to 180s
[32mhttp[39m:     [AICA_GATEWAY:client] Checking phone is connected...
[34mdebug[39m:    [AICA_GATEWAY:client] Emitting onInterfaceChange event (1 registered)
[32mhttp[39m:     [AICA_GATEWAY:client] Current state: SYNCING (CONNECTING)
[34mdebug[39m:    [AICA_GATEWAY:client] Emitting onInterfaceChange event (1 registered)
[32mhttp[39m:     [AICA_GATEWAY:client] Current state: SYNCING (CONNECTING)
[34mdebug[39m:    [AICA_GATEWAY:client] Emitting onInterfaceChange event (1 registered)
[32mhttp[39m:     [AICA_GATEWAY:client] Current state: SYNCING (CONNECTING)
[34mdebug[39m:    [AICA_GATEWAY:client] Registering onStateChange event
[2026-07-14 16:35:32] [[32minfo[39m] CONNECTED : -
[34mdebug[39m:    [AICA_GATEWAY:client] Registering onStateChange event
[34mdebug[39m:    [AICA_GATEWAY:client] Registering onMessage event
[2026-07-14 16:35:32] [[32minfo[39m] [SCHEDULER] Starting...
[2026-07-14 16:35:32] [[32minfo[39m] [SCHEDULER] Started
[2026-07-14 16:35:32] [[32minfo[39m] [WATCHDOG] Started
[2026-07-14 16:35:32] [[32minfo[39m] ==========================================
[2026-07-14 16:35:32] [[32minfo[39m] AICA WhatsApp Gateway v4
[2026-07-14 16:35:32] [[32minfo[39m] ==========================================
[2026-07-14 16:35:32] [[32minfo[39m] URL : http://localhost:8088
[2026-07-14 16:35:32] [[32minfo[39m] API : http://localhost:8088/api
[2026-07-14 16:35:32] [[32minfo[39m] Gateway Ready
[2026-07-14 16:35:32] [[32minfo[39m] ==========================================
[34mdebug[39m:    [AICA_GATEWAY:client] Emitting onInterfaceChange event (1 registered)
[32mhttp[39m:     [AICA_GATEWAY:client] Current state: MAIN (NORMAL)
[34mdebug[39m:    [AICA_GATEWAY:client] Emitting onInterfaceChange event (1 registered)
[32mhttp[39m:     [AICA_GATEWAY:client] Current state: MAIN (NORMAL)
[34mdebug[39m:    [AICA_GATEWAY:client] Emitting onInterfaceChange event (1 registered)
[32mhttp[39m:     [AICA_GATEWAY:client] Current state: MAIN (NORMAL)
[32mhttp[39m:     [AICA_GATEWAY:client] Connected
[2026-07-14 16:35:32] [[32minfo[39m] STATUS : inChat
[2026-07-14 16:35:46] [[32minfo[39m] GET /send-message?token=AICA123456&number=628998951202&message=Halo%20Dari%20Gateway
==========================
TOKEN REQUEST : AICA123456
TOKEN CONFIG  : AICA123456
==========================
==============================
SEND MESSAGE REQUEST
628998951202
Halo Dari Gateway
==============================
QUEUE ADD
[2026-07-14 16:35:46] [[32minfo[39m] [QUEUE] SEND -> 628998951202
INSIDE SENDTEXT
628998951202
[2026-07-14 16:35:46] [[32minfo[39m] [QUEUE] SUCCESS -> 628998951202
[2026-07-14 16:36:02] [[32minfo[39m] [WATCHDOG] READY=true STATUS=inChat
[2026-07-14 16:36:02] [[32minfo[39m] [WATCHDOG] READY=true STATUS=inChat
[2026-07-14 16:36:07] [[32minfo[39m] GET /
[2026-07-14 16:36:22] [[32minfo[39m] GET /send-message?number=628998951202&message=%2AHi%2C+Divisi+IT%2A%0A%0ARequest+IT+terbaru%0A%0A%2ATgl+Request+%3A%2A+2026-07-14%0A%2ANo+Request+%3A%2A+HD-IT%2FFOX%2F2026071400163%0A%2ADari+%3A%2A+Yulvi+Setiyawan++%2F+IP+%3A+192.168.62.62%0A%2ADivisi+%3A%2A+IT+%28JAKARTA%29+%0A%2APesan+request+%3A%2A+test+kirim+whatsapp+gateway%0A%2AStatus%2A+%3A+Open%0A%0AMohon+untuk+segera+di+tangani.%0A%0A%2AIni+adalah+pesan+otomatis+dari+Aica+Indria+E-System%2C+jangan+balas+pesan+ini+%21%2A%0A%0AInformasi+Lebih+lanjut+buka+sistem+pada+link+ini+https%3A%2F%2Feit.lem-fox.com%2Fhome&token=AICA123456
==========================
TOKEN REQUEST : AICA123456
TOKEN CONFIG  : AICA123456
==========================
==============================
SEND MESSAGE REQUEST
628998951202
*Hi, Divisi IT*

Request IT terbaru

*Tgl Request :* 2026-07-14
*No Request :* HD-IT/FOX/2026071400163
*Dari :* Yulvi Setiyawan  / IP : 192.168.62.62
*Divisi :* IT (JAKARTA) 
*Pesan request :* test kirim whatsapp gateway
*Status* : Open

Mohon untuk segera di tangani.

*Ini adalah pesan otomatis dari Aica Indria E-System, jangan balas pesan ini !*

Informasi Lebih lanjut buka sistem pada link ini https://eit.lem-fox.com/home
==============================
QUEUE ADD
[2026-07-14 16:36:22] [[32minfo[39m] [QUEUE] SEND -> 628998951202
INSIDE SENDTEXT
628998951202
[2026-07-14 16:36:25] [[32minfo[39m] [QUEUE] SUCCESS -> 628998951202
[2026-07-14 16:36:25] [[32minfo[39m] GET /send-message?number=628998883849&message=%2AHi%2C+Divisi+IT%2A%0A%0ARequest+IT+terbaru%0A%0A%2ATgl+Request+%3A%2A+2026-07-14%0A%2ANo+Request+%3A%2A+HD-IT%2FFOX%2F2026071400163%0A%2ADari+%3A%2A+Yulvi+Setiyawan++%2F+IP+%3A+192.168.62.62%0A%2ADivisi+%3A%2A+IT+%28JAKARTA%29+%0A%2APesan+request+%3A%2A+test+kirim+whatsapp+gateway%0A%2AStatus%2A+%3A+Open%0A%0AMohon+untuk+segera+di+tangani.%0A%0A%2AIni+adalah+pesan+otomatis+dari+Aica+Indria+E-System%2C+jangan+balas+pesan+ini+%21%2A%0A%0AInformasi+Lebih+lanjut+buka+sistem+pada+link+ini+https%3A%2F%2Feit.lem-fox.com%2Fhome&token=AICA123456
==========================
TOKEN REQUEST : AICA123456
TOKEN CONFIG  : AICA123456
==========================
==============================
SEND MESSAGE REQUEST
628998883849
*Hi, Divisi IT*

Request IT terbaru

*Tgl Request :* 2026-07-14
*No Request :* HD-IT/FOX/2026071400163
*Dari :* Yulvi Setiyawan  / IP : 192.168.62.62
*Divisi :* IT (JAKARTA) 
*Pesan request :* test kirim whatsapp gateway
*Status* : Open

Mohon untuk segera di tangani.

*Ini adalah pesan otomatis dari Aica Indria E-System, jangan balas pesan ini !*

Informasi Lebih lanjut buka sistem pada link ini https://eit.lem-fox.com/home
==============================
QUEUE ADD
[2026-07-14 16:36:25] [[32minfo[39m] [QUEUE] SEND -> 628998883849
INSIDE SENDTEXT
628998883849
[34mdebug[39m:    [AICA_GATEWAY:client] Emitting onMessage event (1 registered)
[2026-07-14 16:36:26] [[32minfo[39m] [MESSAGE] 62126869729533@lid : undefined
[2026-07-14 16:36:26] [[32minfo[39m] [QUEUE] SUCCESS -> 628998883849
[2026-07-14 16:36:26] [[32minfo[39m] GET /send-message?number=62816705502&message=%2AHi%2C+Divisi+IT%2A%0A%0ARequest+IT+terbaru%0A%0A%2ATgl+Request+%3A%2A+2026-07-14%0A%2ANo+Request+%3A%2A+HD-IT%2FFOX%2F2026071400163%0A%2ADari+%3A%2A+Yulvi+Setiyawan++%2F+IP+%3A+192.168.62.62%0A%2ADivisi+%3A%2A+IT+%28JAKARTA%29+%0A%2APesan+request+%3A%2A+test+kirim+whatsapp+gateway%0A%2AStatus%2A+%3A+Open%0A%0AMohon+untuk+segera+di+tangani.%0A%0A%2AIni+adalah+pesan+otomatis+dari+Aica+Indria+E-System%2C+jangan+balas+pesan+ini+%21%2A%0A%0AInformasi+Lebih+lanjut+buka+sistem+pada+link+ini+https%3A%2F%2Feit.lem-fox.com%2Fhome&token=AICA123456
==========================
TOKEN REQUEST : AICA123456
TOKEN CONFIG  : AICA123456
==========================
==============================
SEND MESSAGE REQUEST
62816705502
*Hi, Divisi IT*

Request IT terbaru

*Tgl Request :* 2026-07-14
*No Request :* HD-IT/FOX/2026071400163
*Dari :* Yulvi Setiyawan  / IP : 192.168.62.62
*Divisi :* IT (JAKARTA) 
*Pesan request :* test kirim whatsapp gateway
*Status* : Open

Mohon untuk segera di tangani.

*Ini adalah pesan otomatis dari Aica Indria E-System, jangan balas pesan ini !*

Informasi Lebih lanjut buka sistem pada link ini https://eit.lem-fox.com/home
==============================
QUEUE ADD
[2026-07-14 16:36:26] [[32minfo[39m] [QUEUE] SEND -> 62816705502
INSIDE SENDTEXT
62816705502
[34mdebug[39m:    [AICA_GATEWAY:client] Emitting onMessage event (1 registered)
[2026-07-14 16:36:27] [[32minfo[39m] [MESSAGE] 134222140411906@lid : undefined
[2026-07-14 16:36:27] [[32minfo[39m] [QUEUE] SUCCESS -> 62816705502
[2026-07-14 16:36:32] [[32minfo[39m] [QUEUE] Waiting=0 Processing=0
[2026-07-14 16:36:32] [[32minfo[39m] [HEALTH] READY=true STATUS=inChat
[2026-07-14 16:36:32] [[32minfo[39m] [WATCHDOG] READY=true STATUS=inChat
[2026-07-14 16:36:32] [[32minfo[39m] [WATCHDOG] READY=true STATUS=inChat
[2026-07-14 16:37:02] [[32minfo[39m] [WATCHDOG] READY=true STATUS=inChat
[2026-07-14 16:37:02] [[32minfo[39m] [WATCHDOG] READY=true STATUS=inChat
[2026-07-14 16:37:32] [[32minfo[39m] [QUEUE] Waiting=0 Processing=0
[2026-07-14 16:37:32] [[32minfo[39m] [HEALTH] READY=true STATUS=inChat
[2026-07-14 16:37:32] [[32minfo[39m] [WATCHDOG] READY=true STATUS=inChat
[2026-07-14 16:37:32] [[32minfo[39m] [WATCHDOG] READY=true STATUS=inChat
[2026-07-14 16:38:02] [[32minfo[39m] [WATCHDOG] READY=true STATUS=inChat
[2026-07-14 16:38:02] [[32minfo[39m] [WATCHDOG] READY=true STATUS=inChat
[2026-07-14 16:38:32] [[32minfo[39m] [QUEUE] Waiting=0 Processing=0
[2026-07-14 16:38:32] [[32minfo[39m] [HEALTH] READY=true STATUS=inChat
[2026-07-14 16:38:32] [[32minfo[39m] [WATCHDOG] READY=true STATUS=inChat
[2026-07-14 16:38:32] [[32minfo[39m] [WATCHDOG] READY=true STATUS=inChat
[2026-07-14 16:39:02] [[32minfo[39m] [WATCHDOG] READY=true STATUS=inChat
[2026-07-14 16:39:02] [[32minfo[39m] [WATCHDOG] READY=true STATUS=inChat
[2026-07-14 16:39:32] [[32minfo[39m] [QUEUE] Waiting=0 Processing=0
[2026-07-14 16:39:32] [[32minfo[39m] [HEALTH] READY=true STATUS=inChat
[2026-07-14 16:39:32] [[32minfo[39m] [WATCHDOG] READY=true STATUS=inChat
[2026-07-14 16:39:32] [[32minfo[39m] [WATCHDOG] READY=true STATUS=inChat
[2026-07-14 16:40:02] [[32minfo[39m] [WATCHDOG] READY=true STATUS=inChat
[2026-07-14 16:40:02] [[32minfo[39m] [WATCHDOG] READY=true STATUS=inChat
[2026-07-14 16:40:32] [[32minfo[39m] [QUEUE] Waiting=0 Processing=0
[2026-07-14 16:40:32] [[32minfo[39m] [HEALTH] READY=true STATUS=inChat
[2026-07-14 16:40:32] [[32minfo[39m] [WATCHDOG] READY=true STATUS=inChat
[2026-07-14 16:40:32] [[32minfo[39m] [WATCHDOG] READY=true STATUS=inChat
[2026-07-14 16:41:02] [[32minfo[39m] [WATCHDOG] READY=true STATUS=inChat
[2026-07-14 16:41:02] [[32minfo[39m] [WATCHDOG] READY=true STATUS=inChat
[2026-07-14 16:41:32] [[32minfo[39m] [QUEUE] Waiting=0 Processing=0
[2026-07-14 16:41:32] [[32minfo[39m] [HEALTH] READY=true STATUS=inChat
[2026-07-14 16:41:32] [[32minfo[39m] [WATCHDOG] READY=true STATUS=inChat
[2026-07-14 16:41:32] [[32minfo[39m] [WATCHDOG] READY=true STATUS=inChat
[2026-07-14 16:42:02] [[32minfo[39m] [WATCHDOG] READY=true STATUS=inChat
[2026-07-14 16:42:02] [[32minfo[39m] [WATCHDOG] READY=true STATUS=inChat
[2026-07-14 16:42:32] [[32minfo[39m] [QUEUE] Waiting=0 Processing=0
[2026-07-14 16:42:32] [[32minfo[39m] [HEALTH] READY=true STATUS=inChat
[2026-07-14 16:42:32] [[32minfo[39m] [WATCHDOG] READY=true STATUS=inChat
[2026-07-14 16:42:32] [[32minfo[39m] [WATCHDOG] READY=true STATUS=inChat
[2026-07-14 16:43:02] [[32minfo[39m] [WATCHDOG] READY=true STATUS=inChat
[2026-07-14 16:43:02] [[32minfo[39m] [WATCHDOG] READY=true STATUS=inChat
[2026-07-14 16:43:08] [[33mwarn[39m] SIGINT received
[2026-07-14 16:43:08] [[33mwarn[39m] [SCHEDULER] Stop
[2026-07-14 16:43:08] [[32minfo[39m] [WATCHDOG] Stopped
[2026-07-14 16:43:08] [[33mwarn[39m] Shutdown WhatsApp...
[2026-07-14 16:43:21] [[32minfo[39m] ====================================
[2026-07-14 16:43:21] [[32minfo[39m] STARTING WHATSAPP
[2026-07-14 16:43:21] [[32minfo[39m] ====================================
[32minfo[39m:     [AICA_GATEWAY:browser] Using browser folder 'E:\laragon\whatsap-api-new-2026\session\AICA_GATEWAY'
[32minfo[39m:     [AICA_GATEWAY:browser] Initializing browser...
[32mhttp[39m:     [AICA_GATEWAY:browser] checking headless...
[32mhttp[39m:     [AICA_GATEWAY:browser] headless option is disabled, browser visible
[32minfo[39m:     [AICA_GATEWAY:client] Initializing...
[36mverbose[39m:  [AICA_GATEWAY:client] Setting WhatsApp WEB version to 2.3000.10305x
[31merror[39m:    [AICA_GATEWAY:client] Version not available for 2.3000.10305x, using latest as fallback
[36mverbose[39m:  [AICA_GATEWAY:client] Loading WhatsApp WEB
[36mverbose[39m:  [AICA_GATEWAY:page] Page loaded
[36mverbose[39m:  [AICA_GATEWAY:client] Injecting wapi.js
[36mverbose[39m:  [AICA_GATEWAY:client] WhatsApp WEB loaded
[32mhttp[39m:     [AICA_GATEWAY:client] Waiting page load
[36mverbose[39m:  [AICA_GATEWAY:client] wapi.js injected
[34mdebug[39m:    [AICA_GATEWAY:client] Exposing onMessage function
[34mdebug[39m:    [AICA_GATEWAY:client] Exposing onAnyMessage function
[32minfo[39m:     [AICA_GATEWAY:client] WhatsApp WEB version: 2.3000.1043117381
[32minfo[39m:     [AICA_GATEWAY:client] WA-JS version: 4.3.1
[34mdebug[39m:    [AICA_GATEWAY:client] Exposing onAck function
[34mdebug[39m:    [AICA_GATEWAY:client] Exposing onMessageEdit function
[34mdebug[39m:    [AICA_GATEWAY:client] Exposing onNotificationMessage function
[34mdebug[39m:    [AICA_GATEWAY:client] Exposing onParticipantsChanged function
[34mdebug[39m:    [AICA_GATEWAY:client] Exposing onStateChange function
[34mdebug[39m:    [AICA_GATEWAY:client] Exposing onStreamChange function
[34mdebug[39m:    [AICA_GATEWAY:client] Exposing onStreamModeChanged function
[34mdebug[39m:    [AICA_GATEWAY:client] Exposing onStreamInfoChanged function
[34mdebug[39m:    [AICA_GATEWAY:client] Exposing onIncomingCall function
[34mdebug[39m:    [AICA_GATEWAY:client] Exposing onInterfaceChange function
[34mdebug[39m:    [AICA_GATEWAY:client] Exposing onPresenceChanged function
[34mdebug[39m:    [AICA_GATEWAY:client] Exposing onLiveLocation function
[34mdebug[39m:    [AICA_GATEWAY:client] Exposing onBackendEvent function
[34mdebug[39m:    [AICA_GATEWAY:client] Exposing onAddedToGroup function
[34mdebug[39m:    [AICA_GATEWAY:client] Exposing onRevokedMessage function
[34mdebug[39m:    [AICA_GATEWAY:client] Exposing onReactionMessage function
[34mdebug[39m:    [AICA_GATEWAY:client] Exposing onPollResponse function
[34mdebug[39m:    [AICA_GATEWAY:client] Exposing onUpdateLabel function
[34mdebug[39m:    [AICA_GATEWAY:client] Exposing onOrderStatusUpdate function
[34mdebug[39m:    [AICA_GATEWAY:client] Exposing onNewChat function
[34mdebug[39m:    [AICA_GATEWAY:client] Emitting onInterfaceChange event (1 registered)
[32mhttp[39m:     [AICA_GATEWAY:client] Current state: SYNCING (CONNECTING)
[32mhttp[39m:     [AICA_GATEWAY:client] Checking is logged...
[32mhttp[39m:     [AICA_GATEWAY:client] Authenticated
[2026-07-14 16:43:23] [[32minfo[39m] STATUS : isLogged
[32minfo[39m:     [AICA_GATEWAY:client] Auto close configured to 180s
[32mhttp[39m:     [AICA_GATEWAY:client] Checking phone is connected...
[34mdebug[39m:    [AICA_GATEWAY:client] Emitting onInterfaceChange event (1 registered)
[32mhttp[39m:     [AICA_GATEWAY:client] Current state: SYNCING (CONNECTING)
[34mdebug[39m:    [AICA_GATEWAY:client] Registering onStateChange event
[2026-07-14 16:43:25] [[32minfo[39m] CONNECTED : -
[34mdebug[39m:    [AICA_GATEWAY:client] Registering onStateChange event
[34mdebug[39m:    [AICA_GATEWAY:client] Registering onMessage event
[2026-07-14 16:43:25] [[32minfo[39m] [SCHEDULER] Starting...
[2026-07-14 16:43:25] [[32minfo[39m] [SCHEDULER] Started
[2026-07-14 16:43:25] [[32minfo[39m] [WATCHDOG] Started
[2026-07-14 16:43:25] [[32minfo[39m] ==========================================
[2026-07-14 16:43:25] [[32minfo[39m] AICA WhatsApp Gateway v4
[2026-07-14 16:43:25] [[32minfo[39m] ==========================================
[2026-07-14 16:43:25] [[32minfo[39m] URL : http://localhost:8088
[2026-07-14 16:43:25] [[32minfo[39m] API : http://localhost:8088/api
[2026-07-14 16:43:25] [[32minfo[39m] Gateway Ready
[2026-07-14 16:43:25] [[32minfo[39m] ==========================================
[34mdebug[39m:    [AICA_GATEWAY:client] Emitting onInterfaceChange event (1 registered)
[32mhttp[39m:     [AICA_GATEWAY:client] Current state: SYNCING (CONNECTING)
[34mdebug[39m:    [AICA_GATEWAY:client] Emitting onStateChange event (2 registered)
[2026-07-14 16:43:25] [[32minfo[39m] STATE : PAIRING
[34mdebug[39m:    [AICA_GATEWAY:client] Emitting onInterfaceChange event (1 registered)
[32mhttp[39m:     [AICA_GATEWAY:client] Current state: SYNCING (CONNECTING)
[34mdebug[39m:    [AICA_GATEWAY:client] Emitting onStateChange event (2 registered)
[2026-07-14 16:43:25] [[32minfo[39m] STATE : CONNECTED
[34mdebug[39m:    [AICA_GATEWAY:client] Emitting onInterfaceChange event (1 registered)
[32mhttp[39m:     [AICA_GATEWAY:client] Current state: MAIN (NORMAL)
[34mdebug[39m:    [AICA_GATEWAY:client] Emitting onInterfaceChange event (1 registered)
[32mhttp[39m:     [AICA_GATEWAY:client] Current state: MAIN (NORMAL)
[34mdebug[39m:    [AICA_GATEWAY:client] Emitting onInterfaceChange event (1 registered)
[32mhttp[39m:     [AICA_GATEWAY:client] Current state: MAIN (NORMAL)
[32mhttp[39m:     [AICA_GATEWAY:client] Connected
[2026-07-14 16:43:25] [[32minfo[39m] STATUS : inChat
[2026-07-14 16:43:36] [[33mwarn[39m] SIGINT received
[2026-07-14 16:43:36] [[33mwarn[39m] [SCHEDULER] Stop
[2026-07-14 16:43:36] [[32minfo[39m] [WATCHDOG] Stopped
[2026-07-14 16:43:36] [[33mwarn[39m] Shutdown WhatsApp...
[2026-07-14 16:46:24] [[32minfo[39m] ====================================
[2026-07-14 16:46:24] [[32minfo[39m] STARTING WHATSAPP
[2026-07-14 16:46:24] [[32minfo[39m] ====================================
[32minfo[39m:     [AICA_GATEWAY:browser] Using browser folder 'E:\laragon\whatsap-api-new-2026\session\AICA_GATEWAY'
[32minfo[39m:     [AICA_GATEWAY:browser] Initializing browser...
[32mhttp[39m:     [AICA_GATEWAY:browser] checking headless...
[32mhttp[39m:     [AICA_GATEWAY:browser] headless option is disabled, browser visible
[32minfo[39m:     [AICA_GATEWAY:client] Initializing...
[36mverbose[39m:  [AICA_GATEWAY:client] Setting WhatsApp WEB version to 2.3000.10305x
[31merror[39m:    [AICA_GATEWAY:client] Version not available for 2.3000.10305x, using latest as fallback
[36mverbose[39m:  [AICA_GATEWAY:client] Loading WhatsApp WEB
[36mverbose[39m:  [AICA_GATEWAY:page] Page loaded
[36mverbose[39m:  [AICA_GATEWAY:client] Injecting wapi.js
[36mverbose[39m:  [AICA_GATEWAY:client] WhatsApp WEB loaded
[32mhttp[39m:     [AICA_GATEWAY:client] Waiting page load
[36mverbose[39m:  [AICA_GATEWAY:client] wapi.js injected
[34mdebug[39m:    [AICA_GATEWAY:client] Exposing onMessage function
[34mdebug[39m:    [AICA_GATEWAY:client] Exposing onAnyMessage function
[32minfo[39m:     [AICA_GATEWAY:client] WhatsApp WEB version: 2.3000.1043117381
[32minfo[39m:     [AICA_GATEWAY:client] WA-JS version: 4.3.1
[34mdebug[39m:    [AICA_GATEWAY:client] Exposing onAck function
[34mdebug[39m:    [AICA_GATEWAY:client] Exposing onMessageEdit function
[34mdebug[39m:    [AICA_GATEWAY:client] Exposing onNotificationMessage function
[34mdebug[39m:    [AICA_GATEWAY:client] Exposing onParticipantsChanged function
[34mdebug[39m:    [AICA_GATEWAY:client] Exposing onStateChange function
[34mdebug[39m:    [AICA_GATEWAY:client] Exposing onStreamChange function
[34mdebug[39m:    [AICA_GATEWAY:client] Exposing onStreamModeChanged function
[34mdebug[39m:    [AICA_GATEWAY:client] Exposing onStreamInfoChanged function
[34mdebug[39m:    [AICA_GATEWAY:client] Exposing onIncomingCall function
[34mdebug[39m:    [AICA_GATEWAY:client] Exposing onInterfaceChange function
[34mdebug[39m:    [AICA_GATEWAY:client] Exposing onPresenceChanged function
[34mdebug[39m:    [AICA_GATEWAY:client] Exposing onLiveLocation function
[34mdebug[39m:    [AICA_GATEWAY:client] Exposing onBackendEvent function
[34mdebug[39m:    [AICA_GATEWAY:client] Exposing onAddedToGroup function
[34mdebug[39m:    [AICA_GATEWAY:client] Exposing onRevokedMessage function
[34mdebug[39m:    [AICA_GATEWAY:client] Exposing onReactionMessage function
[34mdebug[39m:    [AICA_GATEWAY:client] Exposing onPollResponse function
[34mdebug[39m:    [AICA_GATEWAY:client] Exposing onUpdateLabel function
[34mdebug[39m:    [AICA_GATEWAY:client] Exposing onOrderStatusUpdate function
[34mdebug[39m:    [AICA_GATEWAY:client] Exposing onNewChat function
[34mdebug[39m:    [AICA_GATEWAY:client] Emitting onInterfaceChange event (1 registered)
[32mhttp[39m:     [AICA_GATEWAY:client] Current state: SYNCING (CONNECTING)
[32mhttp[39m:     [AICA_GATEWAY:client] Checking is logged...
[32mhttp[39m:     [AICA_GATEWAY:client] Authenticated
[2026-07-14 16:46:26] [[32minfo[39m] STATUS : isLogged
[32minfo[39m:     [AICA_GATEWAY:client] Auto close configured to 180s
[32mhttp[39m:     [AICA_GATEWAY:client] Checking phone is connected...
[34mdebug[39m:    [AICA_GATEWAY:client] Emitting onInterfaceChange event (1 registered)
[32mhttp[39m:     [AICA_GATEWAY:client] Current state: SYNCING (CONNECTING)
[34mdebug[39m:    [AICA_GATEWAY:client] Registering onStateChange event
[2026-07-14 16:46:28] [[32minfo[39m] CONNECTED : -
[34mdebug[39m:    [AICA_GATEWAY:client] Registering onStateChange event
[34mdebug[39m:    [AICA_GATEWAY:client] Registering onMessage event
[2026-07-14 16:46:28] [[32minfo[39m] [SCHEDULER] Starting...
[2026-07-14 16:46:28] [[32minfo[39m] [SCHEDULER] Started
[2026-07-14 16:46:28] [[32minfo[39m] [WATCHDOG] Started
[2026-07-14 16:46:28] [[32minfo[39m] ==========================================
[2026-07-14 16:46:28] [[32minfo[39m] AICA WhatsApp Gateway v4
[2026-07-14 16:46:28] [[32minfo[39m] ==========================================
[2026-07-14 16:46:28] [[32minfo[39m] URL : http://localhost:8088
[2026-07-14 16:46:28] [[32minfo[39m] API : http://localhost:8088/api
[2026-07-14 16:46:28] [[32minfo[39m] Gateway Ready
[2026-07-14 16:46:28] [[32minfo[39m] ==========================================
[34mdebug[39m:    [AICA_GATEWAY:client] Emitting onInterfaceChange event (1 registered)
[32mhttp[39m:     [AICA_GATEWAY:client] Current state: SYNCING (CONNECTING)
[34mdebug[39m:    [AICA_GATEWAY:client] Emitting onStateChange event (2 registered)
[2026-07-14 16:46:28] [[32minfo[39m] STATE : PAIRING
[34mdebug[39m:    [AICA_GATEWAY:client] Emitting onInterfaceChange event (1 registered)
[32mhttp[39m:     [AICA_GATEWAY:client] Current state: SYNCING (CONNECTING)
[34mdebug[39m:    [AICA_GATEWAY:client] Emitting onStateChange event (2 registered)
[2026-07-14 16:46:28] [[32minfo[39m] STATE : CONNECTED
[34mdebug[39m:    [AICA_GATEWAY:client] Emitting onInterfaceChange event (1 registered)
[32mhttp[39m:     [AICA_GATEWAY:client] Current state: MAIN (NORMAL)
[34mdebug[39m:    [AICA_GATEWAY:client] Emitting onInterfaceChange event (1 registered)
[32mhttp[39m:     [AICA_GATEWAY:client] Current state: MAIN (NORMAL)
[34mdebug[39m:    [AICA_GATEWAY:client] Emitting onInterfaceChange event (1 registered)
[32mhttp[39m:     [AICA_GATEWAY:client] Current state: MAIN (NORMAL)
[32mhttp[39m:     [AICA_GATEWAY:client] Connected
[2026-07-14 16:46:28] [[32minfo[39m] STATUS : inChat
[2026-07-14 16:46:32] [[32minfo[39m] GET /
[36mverbose[39m:  [AICA_GATEWAY:page] Page loaded
[36mverbose[39m:  [AICA_GATEWAY:client] Injecting wapi.js
[36mverbose[39m:  [AICA_GATEWAY:client] wapi.js injected
[32minfo[39m:     [AICA_GATEWAY:client] WhatsApp WEB version: 2.3000.1043117381
[32minfo[39m:     [AICA_GATEWAY:client] WA-JS version: 4.3.1
[34mdebug[39m:    [AICA_GATEWAY:client] Emitting onStateChange event (2 registered)
[2026-07-14 16:46:34] [[32minfo[39m] STATE : OPENING
[34mdebug[39m:    [AICA_GATEWAY:client] Emitting onInterfaceChange event (1 registered)
[32mhttp[39m:     [AICA_GATEWAY:client] Current state: SYNCING (CONNECTING)
[34mdebug[39m:    [AICA_GATEWAY:client] Emitting onInterfaceChange event (1 registered)
[32mhttp[39m:     [AICA_GATEWAY:client] Current state: SYNCING (CONNECTING)
[34mdebug[39m:    [AICA_GATEWAY:client] Emitting onStateChange event (2 registered)
[2026-07-14 16:46:34] [[32minfo[39m] STATE : PAIRING
[34mdebug[39m:    [AICA_GATEWAY:client] Emitting onInterfaceChange event (1 registered)
[32mhttp[39m:     [AICA_GATEWAY:client] Current state: SYNCING (CONNECTING)
[34mdebug[39m:    [AICA_GATEWAY:client] Emitting onStateChange event (2 registered)
[2026-07-14 16:46:34] [[32minfo[39m] STATE : CONNECTED
[34mdebug[39m:    [AICA_GATEWAY:client] Emitting onInterfaceChange event (1 registered)
[32mhttp[39m:     [AICA_GATEWAY:client] Current state: MAIN (NORMAL)
[34mdebug[39m:    [AICA_GATEWAY:client] Emitting onInterfaceChange event (1 registered)
[32mhttp[39m:     [AICA_GATEWAY:client] Current state: MAIN (NORMAL)
[34mdebug[39m:    [AICA_GATEWAY:client] Emitting onInterfaceChange event (1 registered)
[32mhttp[39m:     [AICA_GATEWAY:client] Current state: MAIN (NORMAL)
[32mhttp[39m:     [AICA_GATEWAY:client] Connected
[2026-07-14 16:46:34] [[32minfo[39m] STATUS : inChat
[2026-07-14 16:46:35] [[32minfo[39m] GET /send-message?token=AICA123456&number=628998951202&message=Halo%20Dari%20Gateway
==========================
TOKEN REQUEST : AICA123456
TOKEN CONFIG  : AICA123456
==========================
==============================
SEND MESSAGE REQUEST
628998951202
Halo Dari Gateway
==============================
QUEUE ADD
[2026-07-14 16:46:35] [[32minfo[39m] [QUEUE] SEND -> 628998951202
INSIDE SENDTEXT
628998951202
[2026-07-14 16:46:36] [[32minfo[39m] [QUEUE] SUCCESS -> 628998951202
[2026-07-14 16:46:58] [[32minfo[39m] [WATCHDOG] READY=true STATUS=inChat
[2026-07-14 16:46:58] [[32minfo[39m] [WATCHDOG] READY=true STATUS=inChat
[2026-07-14 16:47:28] [[32minfo[39m] [QUEUE] Waiting=0 Processing=0
[2026-07-14 16:47:28] [[32minfo[39m] [HEALTH] READY=true STATUS=inChat
[2026-07-14 16:47:28] [[32minfo[39m] [WATCHDOG] READY=true STATUS=inChat
[2026-07-14 16:47:28] [[32minfo[39m] [WATCHDOG] READY=true STATUS=inChat
[2026-07-14 16:47:58] [[32minfo[39m] [WATCHDOG] READY=true STATUS=inChat
[2026-07-14 16:47:58] [[32minfo[39m] [WATCHDOG] READY=true STATUS=inChat
[2026-07-14 16:48:28] [[32minfo[39m] [QUEUE] Waiting=0 Processing=0
[2026-07-14 16:48:28] [[32minfo[39m] [HEALTH] READY=true STATUS=inChat
[2026-07-14 16:48:28] [[32minfo[39m] [WATCHDOG] READY=true STATUS=inChat
[2026-07-14 16:48:28] [[32minfo[39m] [WATCHDOG] READY=true STATUS=inChat
[2026-07-14 16:48:58] [[32minfo[39m] [WATCHDOG] READY=true STATUS=inChat
[2026-07-14 16:48:58] [[32minfo[39m] [WATCHDOG] READY=true STATUS=inChat
[2026-07-14 16:49:28] [[32minfo[39m] [QUEUE] Waiting=0 Processing=0
[2026-07-14 16:49:28] [[32minfo[39m] [HEALTH] READY=true STATUS=inChat
[2026-07-14 16:49:28] [[32minfo[39m] [WATCHDOG] READY=true STATUS=inChat
[2026-07-14 16:49:28] [[32minfo[39m] [WATCHDOG] READY=true STATUS=inChat
[2026-07-14 16:49:58] [[32minfo[39m] [WATCHDOG] READY=true STATUS=inChat
[2026-07-14 16:49:58] [[32minfo[39m] [WATCHDOG] READY=true STATUS=inChat
[2026-07-14 16:50:28] [[32minfo[39m] [QUEUE] Waiting=0 Processing=0
[2026-07-14 16:50:28] [[32minfo[39m] [HEALTH] READY=true STATUS=inChat
[2026-07-14 16:50:28] [[32minfo[39m] [WATCHDOG] READY=true STATUS=inChat
[2026-07-14 16:50:28] [[32minfo[39m] [WATCHDOG] READY=true STATUS=inChat
[2026-07-14 16:50:58] [[32minfo[39m] [WATCHDOG] READY=true STATUS=inChat
[2026-07-14 16:50:58] [[32minfo[39m] [WATCHDOG] READY=true STATUS=inChat
[2026-07-14 16:51:28] [[32minfo[39m] [QUEUE] Waiting=0 Processing=0
[2026-07-14 16:51:28] [[32minfo[39m] [HEALTH] READY=true STATUS=inChat
[2026-07-14 16:51:28] [[32minfo[39m] [WATCHDOG] READY=true STATUS=inChat
[2026-07-14 16:51:28] [[32minfo[39m] [WATCHDOG] READY=true STATUS=inChat
[2026-07-14 16:51:58] [[32minfo[39m] [WATCHDOG] READY=true STATUS=inChat
[2026-07-14 16:51:58] [[32minfo[39m] [WATCHDOG] READY=true STATUS=inChat
[2026-07-14 16:52:28] [[32minfo[39m] [QUEUE] Waiting=0 Processing=0
[2026-07-14 16:52:28] [[32minfo[39m] [HEALTH] READY=true STATUS=inChat
[2026-07-14 16:52:28] [[32minfo[39m] [WATCHDOG] READY=true STATUS=inChat
[2026-07-14 16:52:28] [[32minfo[39m] [WATCHDOG] READY=true STATUS=inChat
[2026-07-14 16:52:58] [[32minfo[39m] [WATCHDOG] READY=true STATUS=inChat
[2026-07-14 16:52:58] [[32minfo[39m] [WATCHDOG] READY=true STATUS=inChat
[2026-07-14 16:53:28] [[32minfo[39m] [QUEUE] Waiting=0 Processing=0
[2026-07-14 16:53:28] [[32minfo[39m] [HEALTH] READY=true STATUS=inChat
[2026-07-14 16:53:28] [[32minfo[39m] [WATCHDOG] READY=true STATUS=inChat
[2026-07-14 16:53:28] [[32minfo[39m] [WATCHDOG] READY=true STATUS=inChat
[2026-07-14 16:53:58] [[32minfo[39m] [WATCHDOG] READY=true STATUS=inChat
[2026-07-14 16:53:58] [[32minfo[39m] [WATCHDOG] READY=true STATUS=inChat
[2026-07-14 16:54:28] [[32minfo[39m] [QUEUE] Waiting=0 Processing=0
[2026-07-14 16:54:28] [[32minfo[39m] [HEALTH] READY=true STATUS=inChat
[2026-07-14 16:54:28] [[32minfo[39m] [WATCHDOG] READY=true STATUS=inChat
[2026-07-14 16:54:28] [[32minfo[39m] [WATCHDOG] READY=true STATUS=inChat
[2026-07-14 16:54:58] [[32minfo[39m] [WATCHDOG] READY=true STATUS=inChat
[2026-07-14 16:54:58] [[32minfo[39m] [WATCHDOG] READY=true STATUS=inChat
[2026-07-14 16:55:27] [[32minfo[39m] GET /
[2026-07-14 16:55:27] [[32minfo[39m] GET /socket.io/socket.io.js
[2026-07-14 16:55:28] [[32minfo[39m] [QUEUE] Waiting=0 Processing=0
[2026-07-14 16:55:28] [[32minfo[39m] [HEALTH] READY=true STATUS=inChat
[2026-07-14 16:55:28] [[32minfo[39m] [WATCHDOG] READY=true STATUS=inChat
[2026-07-14 16:55:28] [[32minfo[39m] [WATCHDOG] READY=true STATUS=inChat
[2026-07-14 16:55:43] [[33mwarn[39m] SIGINT received
[2026-07-14 16:55:43] [[33mwarn[39m] [SCHEDULER] Stop
[2026-07-14 16:55:43] [[32minfo[39m] [WATCHDOG] Stopped
[2026-07-14 16:55:43] [[33mwarn[39m] Shutdown WhatsApp...
